
> nextjs@0.1.0 prebuild
> npm run validate:assets


> nextjs@0.1.0 validate:assets
> node scripts/validate-assets.mjs


[34mâ•â•â•â•â•â•â•â•â•â•â•â•â•â•â•â•â•â•â•â•â•â•â•â•â•â•â•â•â•â•â•â•â•â•â•â•â•â•â•â•â•â•â•[0m
[34m   GraniteShield Media Asset Validator[0m
[34mâ•â•â•â•â•â•â•â•â•â•â•â•â•â•â•â•â•â•â•â•â•â•â•â•â•â•â•â•â•â•â•â•â•â•â•â•â•â•â•â•â•â•â•[0m

[36mValidating lib/media.ts...[0m
  Found 11 image references in lib/media.ts
[36mValidating public/images/ASSET_MAP.json...[0m
  Found 18 image references in ASSET_MAP.json
[36mChecking for placeholder/empty files...[0m

[34mâ•â•â•â•â•â•â•â•â•â•â•â•â•â•â•â•â•â•â•â•â•â•â•â•â•â•â•â•â•â•â•â•â•â•â•â•â•â•â•â•â•â•â•[0m
[34m   Validation Results[0m
[34mâ•â•â•â•â•â•â•â•â•â•â•â•â•â•â•â•â•â•â•â•â•â•â•â•â•â•â•â•â•â•â•â•â•â•â•â•â•â•â•â•â•â•â•[0m

Total assets checked: 29
[32mâœ“[0m Valid: 29
[31mâœ—[0m Missing: 0
[33mâš [0m Warnings: 3

[33mWARNINGS:[0m

1. /logo.png
   Source: placeholder check
   Reason: Placeholder file is empty (0 bytes)

2. /apple-touch-icon.png
   Source: placeholder check
   Reason: Placeholder file is empty (0 bytes)

3. /favicon.ico
   Source: placeholder check
   Reason: Placeholder file is empty (0 bytes)

[32mâœ“ All asset references are valid![0m


> nextjs@0.1.0 build
> next build

   Creating an optimized production build...
 âš  Compiled with warnings

./node_modules/@supabase/realtime-js/dist/main/RealtimeClient.js
Critical dependency: the request of a dependency is an expression

Import trace for requested module:
./node_modules/@supabase/realtime-js/dist/main/RealtimeClient.js
./node_modules/@supabase/realtime-js/dist/main/index.js
./node_modules/@supabase/supabase-js/dist/main/index.js
./lib/supabase.ts
./app/api/leads/route.ts

   Linting and checking validity of types...
   Collecting page data...
(node:4205) [DEP0040] DeprecationWarning: The `punycode` module is deprecated. Please use a userland alternative instead.
(Use `node --trace-deprecation ...` to show where the warning was created)
   Generating static pages (0/55)...
(node:4212) [DEP0040] DeprecationWarning: The `punycode` module is deprecated. Please use a userland alternative instead.
(Use `node --trace-deprecation ...` to show where the warning was created)
 âš  Entire page /lp/free-roof-estimate deopted into client-side rendering. https://nextjs.org/docs/messages/deopted-into-client-rendering /lp/free-roof-estimate
 âš  Entire page /lp deopted into client-side rendering. https://nextjs.org/docs/messages/deopted-into-client-rendering /lp
   Generating static pages (13/55)

   Generating static pages (27/55)

   Generating static pages (41/55)

 âœ“ Generating static pages (55/55)
   Finalizing page optimization...

Route (app)                                                   Size     First Load JS
â”Œ â—‹ /                                                         17 kB           117 kB
â”œ â—‹ /_not-found                                               872 B          80.7 kB
â”œ â—‹ /about                                                    220 B          86.7 kB
â”œ Î» /api/leads                                                0 B                0 B
â”œ â—‹ /apple-icon.png                                           0 B                0 B
â”œ â—‹ /areas                                                    185 B          89.1 kB
â”œ â— /areas/[slug]                                             397 B          86.9 kB
â”œ   â”œ /areas/scarborough
â”œ   â”œ /areas/portland
â”œ   â”œ /areas/turner
â”œ   â”” [+17 more paths]
â”œ â—‹ /contact                                                  220 B          86.7 kB
â”œ â—‹ /icon.svg                                                 0 B                0 B
â”œ â—‹ /instant-quote                                            12.1 kB         109 kB
â”œ â—‹ /lp                                                       5.75 kB        99.9 kB
â”œ â—‹ /lp/free-roof-estimate                                    4.41 kB        98.6 kB
â”œ â—‹ /privacy-policy                                           138 B          79.9 kB
â”œ â—‹ /problems/ice-dams                                        220 B          86.7 kB
â”œ â—‹ /reports                                                  220 B          86.7 kB
â”œ â—‹ /reports/maine-ice-dam-steaming-safety-specs              654 B           104 kB
â”œ â—‹ /reports/maine-roofing-cost-report-winter-2025            654 B           104 kB
â”œ â—‹ /reports/maine-winter-roofing-response-times-and-process  654 B           104 kB
â”œ â—‹ /robots.txt                                               0 B                0 B
â”œ â—‹ /roofing-guides                                           220 B          86.7 kB
â”œ â—‹ /services                                                 220 B          86.7 kB
â”œ â—‹ /services/emergency-repair                                220 B          86.7 kB
â”œ â—‹ /services/ice-dam-removal                                 220 B          86.7 kB
â”œ â—‹ /services/metal-siding                                    220 B          86.7 kB
â”œ â—‹ /services/roof-inspection                                 219 B          86.7 kB
â”œ â—‹ /services/roof-maintenance                                220 B          86.7 kB
â”œ â—‹ /services/roof-repair                                     219 B          86.7 kB
â”œ â—‹ /services/roof-replacement                                220 B          86.7 kB
â”œ â—‹ /services/shingle-roofing                                 219 B          86.7 kB
â”œ â—‹ /services/standing-seam-metal-roofing                     220 B          86.7 kB
â”œ â—‹ /services/vinyl-siding                                    220 B          86.7 kB
â”œ â—‹ /services/windows                                         220 B          86.7 kB
â”œ â—‹ /sitemap.xml                                              0 B                0 B
â”” â—‹ /thank-you                                                220 B          86.7 kB
+ First Load JS shared by all                                 79.8 kB
  â”œ chunks/864-6a58e7d63ceabb41.js                            26.5 kB
  â”œ chunks/fd9d1056-4247e967af11df81.js                       50.9 kB
  â”œ chunks/main-app-6ce923a0fbf8b018.js                       220 B
  â”” chunks/webpack-8da4fb5e0fc269b0.js                        2.18 kB


Î»  (Server)  server-side renders at runtime (uses getInitialProps or getServerSideProps)
â—‹  (Static)  automatically rendered as static HTML (uses no initial props)
â—  (SSG)     automatically generated as static HTML + JSON (uses getStaticProps)

